<?xml version="1.0" encoding="UTF-8"?>
<!-- Generated by org.testng.reporters.JUnitXMLReporter -->
<testsuite hostname="KYB-PC" ignored="0" name="Test" tests="5" failures="1" timestamp="10 五月 2017 11:34:32 GMT" time="107.05" errors="0">
  <testcase name="loginpage" time="28.548" classname="com.mushishi.selenium.testCase.testLogin">
    <skipped/>
  </testcase> <!-- loginpage -->
  <testcase name="loginpage" time="24.931" classname="com.mushishi.selenium.testCase.testLogin">
    <skipped/>
  </testcase> <!-- loginpage -->
  <testcase name="loginpage" time="23.709" classname="com.mushishi.selenium.testCase.testLogin">
    <skipped/>
  </testcase> <!-- loginpage -->
  <testcase name="loginpage" time="24.924" classname="com.mushishi.selenium.testCase.testLogin">
    <failure type="org.openqa.selenium.NoSuchElementException" message="Unable to locate element: {&amp;quot;method&amp;quot;:&amp;quot;name&amp;quot;,&amp;quot;selector&amp;quot;:&amp;quot;password1&amp;quot;}
Command duration or timeout: 121 milliseconds">
      <![CDATA[org.openqa.selenium.NoSuchElementException: Unable to locate element: {"method":"name","selector":"password1"}
Command duration or timeout: 121 milliseconds
	at org.openqa.selenium.remote.ErrorHandler.createThrowable(ErrorHandler.java:215)
	at org.openqa.selenium.remote.ErrorHandler.throwIfResponseFailed(ErrorHandler.java:167)
	at org.openqa.selenium.remote.RemoteWebDriver.execute(RemoteWebDriver.java:671)
	at org.openqa.selenium.remote.RemoteWebDriver.findElement(RemoteWebDriver.java:410)
	at org.openqa.selenium.remote.RemoteWebDriver.findElementByName(RemoteWebDriver.java:485)
	at org.openqa.selenium.By$ByName.findElement(By.java:303)
	at org.openqa.selenium.remote.RemoteWebDriver.findElement(RemoteWebDriver.java:402)
	at com.mushishi.selenium.testCase.testLogin.element(testLogin.java:76)
	at com.mushishi.selenium.testCase.testLogin.loginScript(testLogin.java:30)
	at com.mushishi.selenium.testCase.testLogin.loginpage(testLogin.java:83)
Caused by: org.openqa.selenium.NoSuchElementException: Unable to locate element: {"method":"name","selector":"password1"}
For documentation on this error, please visit: http://seleniumhq.org/exceptions/no_such_element.html
Build info: version: '3.4.0', revision: 'unknown', time: 'unknown'
System info: host: 'KYB-PC', ip: '10.30.12.157', os.name: 'Windows 7', os.arch: 'amd64', os.version: '6.1', java.version: '1.8.0_121'
Driver info: driver.version: unknown
	at <anonymous class>.FirefoxDriver.prototype.findElementInternal_(file:///C:/Users/KYB/AppData/Local/Temp/anonymous4750873505982478214webdriver-profile/extensions/fxdriver@googlecode.com/components/driver-component.js:11390)
	at <anonymous class>.FirefoxDriver.prototype.findElement(file:///C:/Users/KYB/AppData/Local/Temp/anonymous4750873505982478214webdriver-profile/extensions/fxdriver@googlecode.com/components/driver-component.js:11399)
	at <anonymous class>.DelayedCommand.prototype.executeInternal_/k(file:///C:/Users/KYB/AppData/Local/Temp/anonymous4750873505982478214webdriver-profile/extensions/fxdriver@googlecode.com/components/command-processor.js:12879)
	at <anonymous class>.DelayedCommand.prototype.executeInternal_(file:///C:/Users/KYB/AppData/Local/Temp/anonymous4750873505982478214webdriver-profile/extensions/fxdriver@googlecode.com/components/command-processor.js:12884)
	at <anonymous class>.DelayedCommand.prototype.execute/<(file:///C:/Users/KYB/AppData/Local/Temp/anonymous4750873505982478214webdriver-profile/extensions/fxdriver@googlecode.com/components/command-processor.js:12826)
... Removed 29 stack frames]]>
    </failure>
  </testcase> <!-- loginpage -->
  <testcase name="getUrl" time="2.093" classname="com.mushishi.selenium.testCase.testLogin2"/>
</testsuite> <!-- Test -->
