<html xmlns:math="http://exslt.org/math" xmlns:testng="http://testng.org">
   <head>
      <title>TestNG Results</title>
      <meta http-equiv="content-type" content="text/html; charset=utf-8"></meta>
      <meta http-equiv="pragma" content="no-cache"></meta>
      <meta http-equiv="cache-control" content="max-age=0"></meta>
      <meta http-equiv="cache-control" content="no-cache"></meta>
      <meta http-equiv="cache-control" content="no-store"></meta>
      <LINK rel="stylesheet" href="style.css"></LINK>
      <script type="text/javascript" src="main.js"></script>
   </head>
   <body>
      <table width="100%" style="font-size: 16px; margin-bottom: 10px;" cellspacing="1">
         <tr>
            <td width="100%">
               Test case
               
               <b>Default test</b>
            </td>
            <td style="background-color: #FFBBBB; padding: 3px 3px 3px 0;" align="center">
               <div style="width: 50px;">1</div>
            </td>
            <td style="background-color: lightgreen; padding: 3px 3px 3px 0;" align="center">
               <div style="width: 50px;">1</div>
            </td>
            <td style="background-color: #FFFFBB; padding: 3px 3px 3px 0;" align="center">
               <div style="width: 50px;">0</div>
            </td>
            <td align="center" style="background-color: #eaf0f7; padding: 3px 3px 3px 0;">
               <div style="width: 50px;">2</div>
            </td>
            <td align="center"
                style="font-weight: bold; background-color: #eaf0f7; padding: 3px 3px 3px 0;">
               <div style="width: 50px;">50%</div>
            </td>
         </tr>
      </table>
      <div style="width: 200px;">
         <label for="groupMethodsCheckBox" style="font-weight: bold; margin: 0;">
            <input id="groupMethodsCheckBox" type="checkbox" onclick="switchTestMethodsView(this)"></input>
            Group by class
            
         </label>
         <br></br>
         <label for="methodsFilter_ALL" style="font-weight: bold; margin: 0;">
            <input id="methodsFilter_ALL" type="checkbox"
                   onclick="testMethodsFilterChanged(this, 'ALL')"></input>
            All
            
         </label>
      </div>
      <label for="methodsFilter_FAIL" style="margin-left: 20px;">
         <input id="methodsFilter_FAIL" type="checkbox"
                onclick="testMethodsFilterChanged(this, 'FAIL')"
                checked=""></input>
         Failed
         
      </label>
      <label for="methodsFilter_PASS">
         <input id="methodsFilter_PASS" type="checkbox"
                onclick="testMethodsFilterChanged(this, 'PASS')"
                checked=""></input>
         Passed
         
      </label>
      <label for="methodsFilter_SKIP">
         <input id="methodsFilter_SKIP" type="checkbox"
                onclick="testMethodsFilterChanged(this, 'SKIP')"
                checked=""></input>
         Skipped
         
      </label>
      <label for="methodsFilter_CONF">
         <input id="methodsFilter_CONF" type="checkbox"
                onclick="testMethodsFilterChanged(this, 'CONF')"></input>
         Config
         
      </label>
      <br></br>
      <div id="testMethodsByStatus">
         <table class="testMethodsTable" cellpadding="0" cellspacing="0">
            <tr class="methodsTableHeader">
               <td width="100%">Name</td>
               <td nowrap="true">Started</td>
               <td nowrap="true">Duration</td>
               <td>Exception</td>
            </tr>
            <tr id="com.mushishi.selenium.testCase.login_testLogin_byStatus_failed_FAIL1_row"
                class="testMethodStatusFAIL">
               <td width="100%" class="firstMethodCell">
                  <a onclick="toggleDetailsVisibility('com.mushishi.selenium.testCase.login_testLogin_byStatus_failed_FAIL1_details')">testLogin()</a>
               </td>
               <td nowrap="true">14:23:08</td>
               <td nowrap="true" align="right">1s
                  
               </td>
               <td nowrap="true">
                  <a onclick="toggleDetailsVisibility('com.mushishi.selenium.testCase.login_testLogin_byStatus_failed_FAIL1_exception')">org.openqa.selenium.NoSuchElementException: 
                     no such element: Unable to locate element: {"method":"class name","selector":"btn-red1"}
                     (Session info: chrome=56.0.2924.87)
                     (Driver info: chromedriver=2.29.461591 (62ebf098771772160f391d75e589dc567915b233),platform=Windows NT 6.1.7600 x86_64) (WARNING:
                     The server did not provide any stacktrace information)
                     Command duration or timeout: 119 milliseconds
                     For documentation on this error, please visit: http://seleniumhq.org/exceptions/no_such_element.html
                     Build info: version: '3.4.0', revision: 'unknown', time: 'unknown'
                     System info: host: 'KYB-PC', ip: '192.168.31.142', os.name: 'Windows 7', os.arch: 'amd64', os.version: '6.1', java.version:
                     '1.8.0_121'
                     Driver info: org.openqa.selenium.chrome.ChromeDriver
                     Capabilities [{applicationCacheEnabled=false, rotatable=false, mobileEmulationEnabled=false, networkConnectionEnabled=false,
                     chrome={chromedriverVersion=2.29.461591 (62ebf098771772160f391d75e589dc567915b233), userDataDir=C:\Users\KYB\AppData\Local\Temp\scoped_dir6304_26603},
                     takesHeapSnapshot=true, pageLoadStrategy=normal, databaseEnabled=false, handlesAlerts=true, hasTouchScreen=false, version=56.0.2924.87,
                     platform=XP, browserConnectionEnabled=false, nativeEvents=true, acceptSslCerts=true, locationContextEnabled=true, webStorageEnabled=true,
                     browserName=chrome, takesScreenshot=true, javascriptEnabled=true, cssSelectorsEnabled=true, unexpectedAlertBehaviour=}]
                     Session ID: 53ffbcc5f19a346da9093c09ddb2183d
                     *** Element info: {Using=class name, value=btn-red1}
                     
                  </a>
                   
                  
               </td>
            </tr>
            <tr>
               <td colspan="4"
                   style="padding: 0; background-color: white; border-style: none; height: 0px;">
                  <div id="com.mushishi.selenium.testCase.login_testLogin_byStatus_failed_FAIL1_details"
                       class="testMethodDetails">
                     <div>
                        <b>Name:
                           
                        </b>testLogin
                     </div>
                     <div>
                        <b>Signature:
                           
                        </b>testLogin()[pri:0, instance:com.mushishi.selenium.testCase.login@33bc72d1]
                     </div>
                     <div>
                        <b>Start time:
                           
                        </b>14:23:08
                     </div>
                     <div>
                        <b>End time:
                           
                        </b>14:23:09
                     </div>
                     <div>
                        <b>Duration:
                           
                        </b>1s
                        
                     </div>
                     <div>
                        <b>Depends on methods:
                           
                        </b>
                        <div>
                               -
                           com.mushishi.selenium.testCase.login.getLoginHome
                        </div>
                     </div>
                  </div>
               </td>
            </tr>
            <tr>
               <td colspan="4"
                   style="padding: 0; background-color: white; border-style: none; height: 0px;">
                  <div id="com.mushishi.selenium.testCase.login_testLogin_byStatus_failed_FAIL1_exception"
                       class="testMethodDetails">
                     <pre style="padding: 5px; margin: 0;">org.openqa.selenium.NoSuchElementException: no such element: Unable to locate element: {"method":"class name","selector":"btn-red1"}
                        (Session info: chrome=56.0.2924.87)
                        (Driver info: chromedriver=2.29.461591 (62ebf098771772160f391d75e589dc567915b233),platform=Windows NT 6.1.7600 x86_64) (WARNING:
                        The server did not provide any stacktrace information)
                        Command duration or timeout: 119 milliseconds
                        For documentation on this error, please visit: http://seleniumhq.org/exceptions/no_such_element.html
                        Build info: version: '3.4.0', revision: 'unknown', time: 'unknown'
                        System info: host: 'KYB-PC', ip: '192.168.31.142', os.name: 'Windows 7', os.arch: 'amd64', os.version: '6.1', java.version:
                        '1.8.0_121'
                        Driver info: org.openqa.selenium.chrome.ChromeDriver
                        Capabilities [{applicationCacheEnabled=false, rotatable=false, mobileEmulationEnabled=false, networkConnectionEnabled=false,
                        chrome={chromedriverVersion=2.29.461591 (62ebf098771772160f391d75e589dc567915b233), userDataDir=C:\Users\KYB\AppData\Local\Temp\scoped_dir6304_26603},
                        takesHeapSnapshot=true, pageLoadStrategy=normal, databaseEnabled=false, handlesAlerts=true, hasTouchScreen=false, version=56.0.2924.87,
                        platform=XP, browserConnectionEnabled=false, nativeEvents=true, acceptSslCerts=true, locationContextEnabled=true, webStorageEnabled=true,
                        browserName=chrome, takesScreenshot=true, javascriptEnabled=true, cssSelectorsEnabled=true, unexpectedAlertBehaviour=}]
                        Session ID: 53ffbcc5f19a346da9093c09ddb2183d
                        *** Element info: {Using=class name, value=btn-red1}
                        	at sun.reflect.NativeConstructorAccessorImpl.newInstance0(Native Method)
                        	at sun.reflect.NativeConstructorAccessorImpl.newInstance(Unknown Source)
                        	at sun.reflect.DelegatingConstructorAccessorImpl.newInstance(Unknown Source)
                        	at java.lang.reflect.Constructor.newInstance(Unknown Source)
                        	at org.openqa.selenium.remote.ErrorHandler.createThrowable(ErrorHandler.java:215)
                        	at org.openqa.selenium.remote.ErrorHandler.throwIfResponseFailed(ErrorHandler.java:167)
                        	at org.openqa.selenium.remote.RemoteWebDriver.execute(RemoteWebDriver.java:671)
                        	at org.openqa.selenium.remote.RemoteWebDriver.findElement(RemoteWebDriver.java:410)
                        	at org.openqa.selenium.remote.RemoteWebDriver.findElementByClassName(RemoteWebDriver.java:493)
                        	at org.openqa.selenium.By$ByClassName.findElement(By.java:391)
                        	at org.openqa.selenium.remote.RemoteWebDriver.findElement(RemoteWebDriver.java:402)
                        	at com.mushishi.selenium.base.DriverBase.findElement(DriverBase.java:37)
                        	at com.mushishi.selenium.page.BasePage.element(BasePage.java:20)
                        	at com.mushishi.selenium.page.loginPage.getLoginButtonElement(loginPage.java:29)
                        	at com.mushishi.selenium.handle.loginPageHandle.clickLoginButton(loginPageHandle.java:31)
                        	at com.mushishi.selenium.business.LoginPro.login(LoginPro.java:16)
                        	at com.mushishi.selenium.testCase.login.testLogin(login.java:33)
                        	at sun.reflect.NativeMethodAccessorImpl.invoke0(Native Method)
                        	at sun.reflect.NativeMethodAccessorImpl.invoke(Unknown Source)
                        	at sun.reflect.DelegatingMethodAccessorImpl.invoke(Unknown Source)
                        	at java.lang.reflect.Method.invoke(Unknown Source)
                        	at org.testng.internal.MethodInvocationHelper.invokeMethod(MethodInvocationHelper.java:108)
                        	at org.testng.internal.Invoker.invokeMethod(Invoker.java:661)
                        	at org.testng.internal.Invoker.invokeTestMethod(Invoker.java:869)
                        	at org.testng.internal.Invoker.invokeTestMethods(Invoker.java:1193)
                        	at org.testng.internal.TestMethodWorker.invokeTestMethods(TestMethodWorker.java:126)
                        	at org.testng.internal.TestMethodWorker.run(TestMethodWorker.java:109)
                        	at org.testng.TestRunner.privateRun(TestRunner.java:744)
                        	at org.testng.TestRunner.run(TestRunner.java:602)
                        	at org.testng.SuiteRunner.runTest(SuiteRunner.java:380)
                        	at org.testng.SuiteRunner.runSequentially(SuiteRunner.java:375)
                        	at org.testng.SuiteRunner.privateRun(SuiteRunner.java:340)
                        	at org.testng.SuiteRunner.run(SuiteRunner.java:289)
                        	at org.testng.SuiteRunnerWorker.runSuite(SuiteRunnerWorker.java:52)
                        	at org.testng.SuiteRunnerWorker.run(SuiteRunnerWorker.java:86)
                        	at org.testng.TestNG.runSuitesSequentially(TestNG.java:1301)
                        	at org.testng.TestNG.runSuitesLocally(TestNG.java:1226)
                        	at org.testng.TestNG.runSuites(TestNG.java:1144)
                        	at org.testng.TestNG.run(TestNG.java:1115)
                        	at org.testng.remote.AbstractRemoteTestNG.run(AbstractRemoteTestNG.java:132)
                        	at org.testng.remote.RemoteTestNG.initAndRun(RemoteTestNG.java:230)
                        	at org.testng.remote.RemoteTestNG.main(RemoteTestNG.java:76)
                     </pre>
                  </div>
               </td>
            </tr>
            <tr id="com.mushishi.selenium.testCase.login_getLoginHome_byStatus_passed_PASS1_row"
                class="testMethodStatusPASS">
               <td width="100%" class="firstMethodCell">
                  <a onclick="toggleDetailsVisibility('com.mushishi.selenium.testCase.login_getLoginHome_byStatus_passed_PASS1_details')">getLoginHome()</a>
               </td>
               <td nowrap="true">14:22:58</td>
               <td nowrap="true" align="right">9s
                  
               </td>
               <td nowrap="true">
                   
                  
               </td>
            </tr>
            <tr>
               <td colspan="4"
                   style="padding: 0; background-color: white; border-style: none; height: 0px;">
                  <div id="com.mushishi.selenium.testCase.login_getLoginHome_byStatus_passed_PASS1_details"
                       class="testMethodDetails">
                     <div>
                        <b>Name:
                           
                        </b>getLoginHome
                     </div>
                     <div>
                        <b>Signature:
                           
                        </b>getLoginHome()[pri:0, instance:com.mushishi.selenium.testCase.login@33bc72d1]
                     </div>
                     <div>
                        <b>Start time:
                           
                        </b>14:22:58
                     </div>
                     <div>
                        <b>End time:
                           
                        </b>14:23:08
                     </div>
                     <div>
                        <b>Duration:
                           
                        </b>9s
                        
                     </div>
                  </div>
               </td>
            </tr>
            <tr></tr>
         </table>
      </div>
      <div id="testMethodsByClass" style="display: none;">
         <table class="testMethodsTable" cellpadding="0" cellspacing="0">
            <tr>
               <td colspan="4">
                  <h3 style="display: inline;">com.mushishi.selenium.testCase.login</h3>
               </td>
            </tr>
            <tr class="methodsTableHeader">
               <td width="100%">Name</td>
               <td nowrap="true">Started</td>
               <td nowrap="true">Duration</td>
               <td>Exception</td>
            </tr>
            <tr id="com.mushishi.selenium.testCase.login_getLoginHome_byClass_PASS1_row"
                class="testMethodStatusPASS">
               <td width="100%" class="firstMethodCell">
                  <a onclick="toggleDetailsVisibility('com.mushishi.selenium.testCase.login_getLoginHome_byClass_PASS1_details')">getLoginHome()</a>
               </td>
               <td nowrap="true">14:22:58</td>
               <td nowrap="true" align="right">9s
                  
               </td>
               <td nowrap="true">
                   
                  
               </td>
            </tr>
            <tr>
               <td colspan="4"
                   style="padding: 0; background-color: white; border-style: none; height: 0px;">
                  <div id="com.mushishi.selenium.testCase.login_getLoginHome_byClass_PASS1_details"
                       class="testMethodDetails">
                     <div>
                        <b>Name:
                           
                        </b>getLoginHome
                     </div>
                     <div>
                        <b>Signature:
                           
                        </b>getLoginHome()[pri:0, instance:com.mushishi.selenium.testCase.login@33bc72d1]
                     </div>
                     <div>
                        <b>Start time:
                           
                        </b>14:22:58
                     </div>
                     <div>
                        <b>End time:
                           
                        </b>14:23:08
                     </div>
                     <div>
                        <b>Duration:
                           
                        </b>9s
                        
                     </div>
                  </div>
               </td>
            </tr>
            <tr></tr>
            <tr id="com.mushishi.selenium.testCase.login_testLogin_byClass_FAIL2_row"
                class="testMethodStatusFAIL">
               <td width="100%" class="firstMethodCell">
                  <a onclick="toggleDetailsVisibility('com.mushishi.selenium.testCase.login_testLogin_byClass_FAIL2_details')">testLogin()</a>
               </td>
               <td nowrap="true">14:23:08</td>
               <td nowrap="true" align="right">1s
                  
               </td>
               <td nowrap="true">
                  <a onclick="toggleDetailsVisibility('com.mushishi.selenium.testCase.login_testLogin_byClass_FAIL2_exception')">org.openqa.selenium.NoSuchElementException: 
                     no such element: Unable to locate element: {"method":"class name","selector":"btn-red1"}
                     (Session info: chrome=56.0.2924.87)
                     (Driver info: chromedriver=2.29.461591 (62ebf098771772160f391d75e589dc567915b233),platform=Windows NT 6.1.7600 x86_64) (WARNING:
                     The server did not provide any stacktrace information)
                     Command duration or timeout: 119 milliseconds
                     For documentation on this error, please visit: http://seleniumhq.org/exceptions/no_such_element.html
                     Build info: version: '3.4.0', revision: 'unknown', time: 'unknown'
                     System info: host: 'KYB-PC', ip: '192.168.31.142', os.name: 'Windows 7', os.arch: 'amd64', os.version: '6.1', java.version:
                     '1.8.0_121'
                     Driver info: org.openqa.selenium.chrome.ChromeDriver
                     Capabilities [{applicationCacheEnabled=false, rotatable=false, mobileEmulationEnabled=false, networkConnectionEnabled=false,
                     chrome={chromedriverVersion=2.29.461591 (62ebf098771772160f391d75e589dc567915b233), userDataDir=C:\Users\KYB\AppData\Local\Temp\scoped_dir6304_26603},
                     takesHeapSnapshot=true, pageLoadStrategy=normal, databaseEnabled=false, handlesAlerts=true, hasTouchScreen=false, version=56.0.2924.87,
                     platform=XP, browserConnectionEnabled=false, nativeEvents=true, acceptSslCerts=true, locationContextEnabled=true, webStorageEnabled=true,
                     browserName=chrome, takesScreenshot=true, javascriptEnabled=true, cssSelectorsEnabled=true, unexpectedAlertBehaviour=}]
                     Session ID: 53ffbcc5f19a346da9093c09ddb2183d
                     *** Element info: {Using=class name, value=btn-red1}
                     
                  </a>
                   
                  
               </td>
            </tr>
            <tr>
               <td colspan="4"
                   style="padding: 0; background-color: white; border-style: none; height: 0px;">
                  <div id="com.mushishi.selenium.testCase.login_testLogin_byClass_FAIL2_details"
                       class="testMethodDetails">
                     <div>
                        <b>Name:
                           
                        </b>testLogin
                     </div>
                     <div>
                        <b>Signature:
                           
                        </b>testLogin()[pri:0, instance:com.mushishi.selenium.testCase.login@33bc72d1]
                     </div>
                     <div>
                        <b>Start time:
                           
                        </b>14:23:08
                     </div>
                     <div>
                        <b>End time:
                           
                        </b>14:23:09
                     </div>
                     <div>
                        <b>Duration:
                           
                        </b>1s
                        
                     </div>
                     <div>
                        <b>Depends on methods:
                           
                        </b>
                        <div>
                               -
                           com.mushishi.selenium.testCase.login.getLoginHome
                        </div>
                     </div>
                  </div>
               </td>
            </tr>
            <tr>
               <td colspan="4"
                   style="padding: 0; background-color: white; border-style: none; height: 0px;">
                  <div id="com.mushishi.selenium.testCase.login_testLogin_byClass_FAIL2_exception"
                       class="testMethodDetails">
                     <pre style="padding: 5px; margin: 0;">org.openqa.selenium.NoSuchElementException: no such element: Unable to locate element: {"method":"class name","selector":"btn-red1"}
                        (Session info: chrome=56.0.2924.87)
                        (Driver info: chromedriver=2.29.461591 (62ebf098771772160f391d75e589dc567915b233),platform=Windows NT 6.1.7600 x86_64) (WARNING:
                        The server did not provide any stacktrace information)
                        Command duration or timeout: 119 milliseconds
                        For documentation on this error, please visit: http://seleniumhq.org/exceptions/no_such_element.html
                        Build info: version: '3.4.0', revision: 'unknown', time: 'unknown'
                        System info: host: 'KYB-PC', ip: '192.168.31.142', os.name: 'Windows 7', os.arch: 'amd64', os.version: '6.1', java.version:
                        '1.8.0_121'
                        Driver info: org.openqa.selenium.chrome.ChromeDriver
                        Capabilities [{applicationCacheEnabled=false, rotatable=false, mobileEmulationEnabled=false, networkConnectionEnabled=false,
                        chrome={chromedriverVersion=2.29.461591 (62ebf098771772160f391d75e589dc567915b233), userDataDir=C:\Users\KYB\AppData\Local\Temp\scoped_dir6304_26603},
                        takesHeapSnapshot=true, pageLoadStrategy=normal, databaseEnabled=false, handlesAlerts=true, hasTouchScreen=false, version=56.0.2924.87,
                        platform=XP, browserConnectionEnabled=false, nativeEvents=true, acceptSslCerts=true, locationContextEnabled=true, webStorageEnabled=true,
                        browserName=chrome, takesScreenshot=true, javascriptEnabled=true, cssSelectorsEnabled=true, unexpectedAlertBehaviour=}]
                        Session ID: 53ffbcc5f19a346da9093c09ddb2183d
                        *** Element info: {Using=class name, value=btn-red1}
                        	at sun.reflect.NativeConstructorAccessorImpl.newInstance0(Native Method)
                        	at sun.reflect.NativeConstructorAccessorImpl.newInstance(Unknown Source)
                        	at sun.reflect.DelegatingConstructorAccessorImpl.newInstance(Unknown Source)
                        	at java.lang.reflect.Constructor.newInstance(Unknown Source)
                        	at org.openqa.selenium.remote.ErrorHandler.createThrowable(ErrorHandler.java:215)
                        	at org.openqa.selenium.remote.ErrorHandler.throwIfResponseFailed(ErrorHandler.java:167)
                        	at org.openqa.selenium.remote.RemoteWebDriver.execute(RemoteWebDriver.java:671)
                        	at org.openqa.selenium.remote.RemoteWebDriver.findElement(RemoteWebDriver.java:410)
                        	at org.openqa.selenium.remote.RemoteWebDriver.findElementByClassName(RemoteWebDriver.java:493)
                        	at org.openqa.selenium.By$ByClassName.findElement(By.java:391)
                        	at org.openqa.selenium.remote.RemoteWebDriver.findElement(RemoteWebDriver.java:402)
                        	at com.mushishi.selenium.base.DriverBase.findElement(DriverBase.java:37)
                        	at com.mushishi.selenium.page.BasePage.element(BasePage.java:20)
                        	at com.mushishi.selenium.page.loginPage.getLoginButtonElement(loginPage.java:29)
                        	at com.mushishi.selenium.handle.loginPageHandle.clickLoginButton(loginPageHandle.java:31)
                        	at com.mushishi.selenium.business.LoginPro.login(LoginPro.java:16)
                        	at com.mushishi.selenium.testCase.login.testLogin(login.java:33)
                        	at sun.reflect.NativeMethodAccessorImpl.invoke0(Native Method)
                        	at sun.reflect.NativeMethodAccessorImpl.invoke(Unknown Source)
                        	at sun.reflect.DelegatingMethodAccessorImpl.invoke(Unknown Source)
                        	at java.lang.reflect.Method.invoke(Unknown Source)
                        	at org.testng.internal.MethodInvocationHelper.invokeMethod(MethodInvocationHelper.java:108)
                        	at org.testng.internal.Invoker.invokeMethod(Invoker.java:661)
                        	at org.testng.internal.Invoker.invokeTestMethod(Invoker.java:869)
                        	at org.testng.internal.Invoker.invokeTestMethods(Invoker.java:1193)
                        	at org.testng.internal.TestMethodWorker.invokeTestMethods(TestMethodWorker.java:126)
                        	at org.testng.internal.TestMethodWorker.run(TestMethodWorker.java:109)
                        	at org.testng.TestRunner.privateRun(TestRunner.java:744)
                        	at org.testng.TestRunner.run(TestRunner.java:602)
                        	at org.testng.SuiteRunner.runTest(SuiteRunner.java:380)
                        	at org.testng.SuiteRunner.runSequentially(SuiteRunner.java:375)
                        	at org.testng.SuiteRunner.privateRun(SuiteRunner.java:340)
                        	at org.testng.SuiteRunner.run(SuiteRunner.java:289)
                        	at org.testng.SuiteRunnerWorker.runSuite(SuiteRunnerWorker.java:52)
                        	at org.testng.SuiteRunnerWorker.run(SuiteRunnerWorker.java:86)
                        	at org.testng.TestNG.runSuitesSequentially(TestNG.java:1301)
                        	at org.testng.TestNG.runSuitesLocally(TestNG.java:1226)
                        	at org.testng.TestNG.runSuites(TestNG.java:1144)
                        	at org.testng.TestNG.run(TestNG.java:1115)
                        	at org.testng.remote.AbstractRemoteTestNG.run(AbstractRemoteTestNG.java:132)
                        	at org.testng.remote.RemoteTestNG.initAndRun(RemoteTestNG.java:230)
                        	at org.testng.remote.RemoteTestNG.main(RemoteTestNG.java:76)
                     </pre>
                  </div>
               </td>
            </tr>
         </table>
         <br></br>
      </div>
      <div style="margin-top: 15px; color: gray; text-align: center; font-size: 9px;">
         Generated with
         
         <a href="http://code.google.com/p/testng-xslt/" style="color: #8888aa;"
            target="_blank">
            TestNG XSLT
            
         </a>
      </div>
   </body>
</html>